<?xml version="1.0" encoding="UTF-8"?>
<testng-results skipped="0" failed="0" ignored="0" total="2" passed="2">
  <reporter-output>
  </reporter-output>
  <suite name="Finhay" duration-ms="8907" started-at="2020-12-11T15:20:14Z" finished-at="2020-12-11T15:20:23Z">
    <groups>
    </groups>
    <test name="Run on Firefox" duration-ms="8907" started-at="2020-12-11T15:20:14Z" finished-at="2020-12-11T15:20:23Z">
      <class name="com.finhay.Login">
        <test-method status="PASS" signature="beforeClass(java.lang.String, java.lang.String)[pri:0, instance:com.finhay.Login@57536d79]" name="beforeClass" is-config="true" duration-ms="6755" started-at="2020-12-11T15:20:14Z" finished-at="2020-12-11T15:20:21Z">
          <params>
            <param index="0">
              <value>
                <![CDATA[firefox]]>
              </value>
            </param>
            <param index="1">
              <value>
                <![CDATA[https://app.finhay.com.vn/login]]>
              </value>
            </param>
          </params>
          <reporter-output>
          </reporter-output>
        </test-method> <!-- beforeClass -->
        <test-method status="PASS" signature="Login_01_Input_Incorrect_Email()[pri:0, instance:com.finhay.Login@57536d79]" name="Login_01_Input_Incorrect_Email" duration-ms="1691" started-at="2020-12-11T15:20:21Z" finished-at="2020-12-11T15:20:23Z">
          <reporter-output>
          </reporter-output>
        </test-method> <!-- Login_01_Input_Incorrect_Email -->
        <test-method status="PASS" signature="Login_02_Input_Password_Least_8_Char()[pri:0, instance:com.finhay.Login@57536d79]" name="Login_02_Input_Password_Least_8_Char" duration-ms="437" started-at="2020-12-11T15:20:23Z" finished-at="2020-12-11T15:20:23Z">
          <exception class="java.lang.AssertionError">
            <message>
              <![CDATA[expected [true] but found [false]]]>
            </message>
            <full-stacktrace>
              <![CDATA[java.lang.AssertionError: expected [true] but found [false]
at org.testng.Assert.fail(Assert.java:96)
at org.testng.Assert.failNotEquals(Assert.java:776)
at org.testng.Assert.assertTrue(Assert.java:44)
at org.testng.Assert.assertTrue(Assert.java:54)
at commons.AbstractTest.checkTrue(AbstractTest.java:92)
at commons.AbstractTest.verifyTrue(AbstractTest.java:104)
at com.finhay.Login.Login_02_Input_Password_Least_8_Char(Login.java:31)
at sun.reflect.NativeMethodAccessorImpl.invoke0(Native Method)
at sun.reflect.NativeMethodAccessorImpl.invoke(NativeMethodAccessorImpl.java:62)
at sun.reflect.DelegatingMethodAccessorImpl.invoke(DelegatingMethodAccessorImpl.java:43)
at java.lang.reflect.Method.invoke(Method.java:498)
at org.testng.internal.MethodInvocationHelper.invokeMethod(MethodInvocationHelper.java:124)
at org.testng.internal.Invoker.invokeMethod(Invoker.java:583)
at org.testng.internal.Invoker.invokeTestMethod(Invoker.java:719)
at org.testng.internal.Invoker.invokeTestMethods(Invoker.java:989)
at org.testng.internal.TestMethodWorker.invokeTestMethods(TestMethodWorker.java:125)
at org.testng.internal.TestMethodWorker.run(TestMethodWorker.java:109)
at org.testng.TestRunner.privateRun(TestRunner.java:648)
at org.testng.TestRunner.run(TestRunner.java:505)
at org.testng.SuiteRunner.runTest(SuiteRunner.java:455)
at org.testng.SuiteRunner.access$000(SuiteRunner.java:40)
at org.testng.SuiteRunner$SuiteWorker.run(SuiteRunner.java:489)
at org.testng.internal.thread.ThreadUtil$1.call(ThreadUtil.java:52)
at java.util.concurrent.FutureTask.run(FutureTask.java:266)
at java.util.concurrent.ThreadPoolExecutor.runWorker(ThreadPoolExecutor.java:1149)
at java.util.concurrent.ThreadPoolExecutor$Worker.run(ThreadPoolExecutor.java:624)
at java.lang.Thread.run(Thread.java:748)
]]>
            </full-stacktrace>
          </exception> <!-- java.lang.AssertionError -->
          <reporter-output>
          </reporter-output>
        </test-method> <!-- Login_02_Input_Password_Least_8_Char -->
      </class> <!-- com.finhay.Login -->
    </test> <!-- Run on Firefox -->
  </suite> <!-- Finhay -->
</testng-results>
